2025-04-06 10:27:01,338-INFO-Data Processing INitialized
2025-04-06 10:27:01,338-INFO-Loading data
2025-04-06 10:27:01,338-ERROR-Error Occured in C:\Bharath\MLOps\MLOps_Recommender\src\data_processing.py, 40 : read_csv() got an unexpected keyword argument 'lowmemory'
2025-04-06 10:28:00,817-INFO-Data Processing INitialized
2025-04-06 10:28:00,817-INFO-Loading data
2025-04-06 10:28:00,820-ERROR-Error Occured in C:\Bharath\MLOps\MLOps_Recommender\src\data_processing.py, 40 : [Errno 2] No such file or directory: 'artifacts/raw/anime_list.csv'
2025-04-06 10:29:16,692-INFO-Data Processing INitialized
2025-04-06 10:29:16,693-INFO-Loading data
2025-04-06 10:29:18,516-INFO-Data loaded successfully
2025-04-06 10:29:18,755-INFO-Filtered users sucesfully...
2025-04-06 10:29:20,164-INFO-Scalind done for Processing 
2025-04-06 10:29:20,350-INFO-Encoding done for Users and Anime
2025-04-06 10:29:21,091-INFO-Data splitted sucesfullyy
2025-04-06 10:29:21,105-INFO-user2user_encoded saved sucesfully in processed directory
2025-04-06 10:29:21,119-INFO-user2user_decoded saved sucesfully in processed directory
2025-04-06 10:29:21,171-INFO-anim2anime_encoded saved sucesfully in processed directory
2025-04-06 10:29:21,229-INFO-anim2anime_decoded saved sucesfully in processed directory
2025-04-06 10:29:27,994-INFO-The training testing data as well as rating_df is saved now..
2025-04-06 10:29:36,177-INFO-DF AND SYNOPSIS_DF saved successfully...
2025-04-06 10:29:36,177-INFO-Data Processing Pipeline Run sucesfully .... Congrats
